<?xml version="1.0" encoding="UTF-8"?>
<!-- Generated by org.testng.reporters.JUnitReportReporter -->
<testsuite hostname="DESKTOP-C1A7H9V" failures="0" tests="1" name="tests.Test_login" time="9.822" errors="0" timestamp="2024-05-22T21:59:27 COT" skipped="0">
  <testcase classname="tests.Test_login" name="test_initSesion" time="9.822"/>
</testsuite> <!-- tests.Test_login -->
