<?xml version="1.0" encoding="UTF-8"?>
<!-- Generated by org.testng.reporters.JUnitReportReporter -->
<testsuite hostname="DESKTOP-C1A7H9V" failures="0" tests="1" name="tests.TestWait" time="5.735" errors="0" timestamp="2024-03-06T10:35:01 COT" skipped="0">
  <testcase classname="tests.TestWait" name="testSinWait" time="5.735"/>
  <system-out/>
</testsuite> <!-- tests.TestWait -->
